and :: [Bool] -> Bool
-- testing 14 combinations of argument values
-- looking through 2 candidates of size 1
-- looking through 2 candidates of size 2
-- looking through 4 candidates of size 3
-- looking through 4 candidates of size 4
-- looking through 6 candidates of size 5
-- looking through 19 candidates of size 6
-- looking through 45 candidates of size 7
-- looking through 80 candidates of size 8
-- looking through 172 candidates of size 9
and ps  =  null ps || and (tail ps) && head ps

or :: [Bool] -> Bool
-- testing 14 combinations of argument values
-- looking through 2 candidates of size 1
-- looking through 2 candidates of size 2
-- looking through 4 candidates of size 3
-- looking through 4 candidates of size 4
-- looking through 6 candidates of size 5
-- looking through 19 candidates of size 6
-- looking through 45 candidates of size 7
-- looking through 80 candidates of size 8
-- looking through 172 candidates of size 9
-- looking through 454 candidates of size 10
or ps  =  not (null ps) && (or (tail ps) || head ps)

and :: [Bool] -> Bool
-- testing 14 combinations of argument values
-- looking through 2 candidates of size 1
-- looking through 2 candidates of size 2
-- looking through 4 candidates of size 3
-- looking through 6 candidates of size 4
and ps  =  foldr (&&) True ps

or :: [Bool] -> Bool
-- testing 14 combinations of argument values
-- looking through 2 candidates of size 1
-- looking through 2 candidates of size 2
-- looking through 4 candidates of size 3
-- looking through 6 candidates of size 4
or ps  =  foldr (||) False ps

