pow :: Int -> Int -> Int
-- testing 5 combinations of argument values
-- pruning with 14/30 rules
-- looking through 4 candidates of size 1
-- looking through 15 candidates of size 2
-- looking through 46 candidates of size 3
-- looking through 174 candidates of size 4
-- looking through 531 candidates of size 5
-- looking through 1940 candidates of size 6
-- looking through 6383 candidates of size 7
-- looking through 22302 candidates of size 8
-- tested 9934 candidates
pow x 0  =  1
pow x y  =  x * pow x (y - 1)

pow :: Int -> Int -> Int
-- testing 5 combinations of argument values
-- pruning with 15/19 rules
-- looking through 4 candidates of size 1
-- looking through 17 candidates of size 2
-- looking through 60 candidates of size 3
-- looking through 201 candidates of size 4
-- looking through 664 candidates of size 5
-- looking through 2105 candidates of size 6
-- tested 3051 candidates
cannot conjure

